{
  "config": {
    "configFile": "C:\\Users\\bmaidana\\Desktop\\automation-practice2\\playwright.config.ts",
    "rootDir": "C:/Users/bmaidana/Desktop/automation-practice2",
    "forbidOnly": false,
    "fullyParallel": false,
    "globalSetup": null,
    "globalTeardown": null,
    "globalTimeout": 0,
    "grep": {},
    "grepInvert": null,
    "maxFailures": 0,
    "metadata": {
      "actualWorkers": 1
    },
    "preserveOutput": "always",
    "reporter": [
      [
        "dot",
        null
      ],
      [
        "json",
        {
          "outputFile": "jsonReports/jsonReport.json"
        }
      ],
      [
        "html",
        {
          "open": "always"
        }
      ]
    ],
    "reportSlowTests": {
      "max": 5,
      "threshold": 15000
    },
    "quiet": false,
    "projects": [
      {
        "outputDir": "C:/Users/bmaidana/Desktop/automation-practice2/test-results",
        "repeatEach": 1,
        "retries": 0,
        "metadata": {},
        "id": "chromium",
        "name": "chromium",
        "testDir": "C:/Users/bmaidana/Desktop/automation-practice2",
        "testIgnore": [],
        "testMatch": [
          "tests/test2.spec.ts"
        ],
        "timeout": 30000
      }
    ],
    "shard": null,
    "updateSnapshots": "missing",
    "version": "1.44.1",
    "workers": 4,
    "webServer": null
  },
  "suites": [
    {
      "title": "tests\\test2.spec.ts",
      "file": "tests/test2.spec.ts",
      "column": 0,
      "line": 0,
      "specs": [
        {
          "title": "Test checkbox",
          "ok": false,
          "tags": [],
          "tests": [
            {
              "timeout": 30000,
              "annotations": [],
              "expectedStatus": "passed",
              "projectId": "chromium",
              "projectName": "chromium",
              "results": [
                {
                  "workerIndex": 0,
                  "status": "failed",
                  "duration": 2758,
                  "error": {
                    "message": "Error: locator.check: DOMException: Failed to execute 'evaluate' on 'Document': The string '//input[@name='vehicle'])[1]' is not a valid XPath expression.\n    at Object.queryAll (<anonymous>:41:25)\n    at InjectedScript._queryEngineAll (<anonymous>:5028:49)\n    at InjectedScript.querySelectorAll (<anonymous>:5015:30)\n    at eval (eval at evaluate (:226:30), <anonymous>:4:35)\n    at UtilityScript.evaluate (<anonymous>:228:17)\n    at UtilityScript.<anonymous> (<anonymous>:1:44)\nCall log:\n  \u001b[2m- waiting for locator('//input[@name=\\'vehicle\\'])[1]')\u001b[22m\n",
                    "stack": "Error: locator.check: DOMException: Failed to execute 'evaluate' on 'Document': The string '//input[@name='vehicle'])[1]' is not a valid XPath expression.\n    at Object.queryAll (<anonymous>:41:25)\n    at InjectedScript._queryEngineAll (<anonymous>:5028:49)\n    at InjectedScript.querySelectorAll (<anonymous>:5015:30)\n    at eval (eval at evaluate (:226:30), <anonymous>:4:35)\n    at UtilityScript.evaluate (<anonymous>:228:17)\n    at UtilityScript.<anonymous> (<anonymous>:1:44)\nCall log:\n  \u001b[2m- waiting for locator('//input[@name=\\'vehicle\\'])[1]')\u001b[22m\n\n    at Object.queryAll (C:\\Users\\bmaidana\\Desktop\\automation-practice2\\<anonymous>:41:25)\n    at InjectedScript._queryEngineAll (C:\\Users\\bmaidana\\Desktop\\automation-practice2\\<anonymous>:5028:49)\n    at InjectedScript.querySelectorAll (C:\\Users\\bmaidana\\Desktop\\automation-practice2\\<anonymous>:5015:30)\n    at eval (C:\\Users\\bmaidana\\Desktop\\automation-practice2\\eval at evaluate (:226:30), <anonymous>:4:35)\n    at UtilityScript.evaluate (C:\\Users\\bmaidana\\Desktop\\automation-practice2\\<anonymous>:228:17)\n    at UtilityScript.<anonymous> (C:\\Users\\bmaidana\\Desktop\\automation-practice2\\<anonymous>:1:44)\n    at C:\\Users\\bmaidana\\Desktop\\automation-practice2\\tests\\test2.spec.ts:168:56",
                    "location": {
                      "file": "C:\\Users\\bmaidana\\Desktop\\automation-practice2\\<anonymous>",
                      "column": 25,
                      "line": 41
                    }
                  },
                  "errors": [
                    {
                      "location": {
                        "file": "C:\\Users\\bmaidana\\Desktop\\automation-practice2\\<anonymous>",
                        "column": 25,
                        "line": 41
                      },
                      "message": "Error: locator.check: DOMException: Failed to execute 'evaluate' on 'Document': The string '//input[@name='vehicle'])[1]' is not a valid XPath expression.\n\n\u001b[2m    at Object.queryAll (<anonymous>:41:25)\u001b[22m\n\u001b[2m    at InjectedScript._queryEngineAll (<anonymous>:5028:49)\u001b[22m\n\u001b[2m    at InjectedScript.querySelectorAll (<anonymous>:5015:30)\u001b[22m\n\u001b[2m    at eval (eval at evaluate (:226:30), <anonymous>:4:35)\u001b[22m\n\u001b[2m    at UtilityScript.evaluate (<anonymous>:228:17)\u001b[22m\n\u001b[2m    at UtilityScript.<anonymous> (<anonymous>:1:44)\u001b[22m\n\u001b[2mCall log:\u001b[22m\n\u001b[2m  \u001b[2m- waiting for locator('//input[@name=\\'vehicle\\'])[1]')\u001b[2m\u001b[22m\n\n\u001b[2m    at Object.queryAll (C:\\Users\\bmaidana\\Desktop\\automation-practice2\\<anonymous>:41:25)\u001b[22m\n\u001b[2m    at InjectedScript._queryEngineAll (C:\\Users\\bmaidana\\Desktop\\automation-practice2\\<anonymous>:5028:49)\u001b[22m\n\u001b[2m    at InjectedScript.querySelectorAll (C:\\Users\\bmaidana\\Desktop\\automation-practice2\\<anonymous>:5015:30)\u001b[22m\n\u001b[2m    at eval (C:\\Users\\bmaidana\\Desktop\\automation-practice2\\eval at evaluate (:226:30), <anonymous>:4:35)\u001b[22m\n\u001b[2m    at UtilityScript.evaluate (C:\\Users\\bmaidana\\Desktop\\automation-practice2\\<anonymous>:228:17)\u001b[22m\n\u001b[2m    at UtilityScript.<anonymous> (C:\\Users\\bmaidana\\Desktop\\automation-practice2\\<anonymous>:1:44)\u001b[22m\n\u001b[2m    at C:\\Users\\bmaidana\\Desktop\\automation-practice2\\tests\\test2.spec.ts:168:56\u001b[22m"
                    }
                  ],
                  "stdout": [],
                  "stderr": [],
                  "retry": 0,
                  "startTime": "2024-06-28T19:25:42.063Z",
                  "attachments": [
                    {
                      "name": "screenshot",
                      "contentType": "image/png",
                      "path": "C:\\Users\\bmaidana\\Desktop\\automation-practice2\\test-results\\tests-test2-Test-checkbox-chromium\\test-failed-1.png"
                    },
                    {
                      "name": "video",
                      "contentType": "video/webm",
                      "path": "C:\\Users\\bmaidana\\Desktop\\automation-practice2\\test-results\\tests-test2-Test-checkbox-chromium\\video.webm"
                    }
                  ],
                  "errorLocation": {
                    "file": "C:\\Users\\bmaidana\\Desktop\\automation-practice2\\<anonymous>",
                    "column": 25,
                    "line": 41
                  }
                }
              ],
              "status": "unexpected"
            }
          ],
          "id": "f2b5c1e3efd86b613f6d-f6e57ec54ce980c2a2d0",
          "file": "tests/test2.spec.ts",
          "line": 164,
          "column": 8
        }
      ]
    }
  ],
  "errors": [],
  "stats": {
    "startTime": "2024-06-28T19:25:41.175Z",
    "duration": 4111.4220000000005,
    "expected": 0,
    "skipped": 0,
    "unexpected": 1,
    "flaky": 0
  }
}